2004.01.28 11:23 B D:\DOM_Releases\WINService_Image\WINvote\WINvote.exe --> ftp.enfocom.com /Ryan/Feb Election Update WINvote.exe
2004.01.28 11:23 B D:\DOM_Releases\WINService_Image\WINvote\WINvoteChangeLog.txt --> ftp.enfocom.com /Ryan/Feb Election Update WINvoteChangeLog.txt
2004.01.28 11:26 B D:\DOM_Releases\WINService_Image\WINvote\WINvoteUpgrade.zip <-- Ipswitch /Ryan/Jan. Fairfax/WINvote/WINvoteUpgrade WINvoteUpgrade.zip
2004.02.03 11:29 B D:\DOM_Releases\WINService_Image\WINvote\AuditLog.dll --> ftp.enfocom.com /Ryan/Debbie/WINvote AuditLog.dll
2004.02.03 11:29 B D:\DOM_Releases\WINService_Image\WINvote\casmcard.dll --> ftp.enfocom.com /Ryan/Debbie/WINvote casmcard.dll
2004.02.03 11:29 B D:\DOM_Releases\WINService_Image\WINvote\csrasctl.ocx --> ftp.enfocom.com /Ryan/Debbie/WINvote csrasctl.ocx
2004.02.03 11:29 B D:\DOM_Releases\WINService_Image\WINvote\cstcpctl.ocx --> ftp.enfocom.com /Ryan/Debbie/WINvote cstcpctl.ocx
2004.02.03 11:29 B D:\DOM_Releases\WINService_Image\WINvote\DSNInstaller.exe --> ftp.enfocom.com /Ryan/Debbie/WINvote DSNInstaller.exe
2004.02.03 11:29 B D:\DOM_Releases\WINService_Image\WINvote\EjectFlashRam.dll --> ftp.enfocom.com /Ryan/Debbie/WINvote EjectFlashRam.dll
2004.02.03 11:29 B D:\DOM_Releases\WINService_Image\WINvote\gina.dll --> ftp.enfocom.com /Ryan/Debbie/WINvote gina.dll
2004.02.03 11:29 B D:\DOM_Releases\WINService_Image\WINvote\GinaLOCKSystem.cmd --> ftp.enfocom.com /Ryan/Debbie/WINvote GinaLOCKSystem.cmd
2004.02.03 11:29 B D:\DOM_Releases\WINService_Image\WINvote\GinaReg.reg --> ftp.enfocom.com /Ryan/Debbie/WINvote GinaReg.reg
2004.02.03 11:29 B D:\DOM_Releases\WINService_Image\WINvote\installWINvote.cmd --> ftp.enfocom.com /Ryan/Debbie/WINvote installWINvote.cmd
2004.02.03 11:29 B D:\DOM_Releases\WINService_Image\WINvote\lhcom02w.dll --> ftp.enfocom.com /Ryan/Debbie/WINvote lhcom02w.dll
2004.02.03 11:29 B D:\DOM_Releases\WINService_Image\WINvote\lhsp01.dll --> ftp.enfocom.com /Ryan/Debbie/WINvote lhsp01.dll
2004.02.03 11:29 B D:\DOM_Releases\WINService_Image\WINvote\lhspttsx01a.ocx --> ftp.enfocom.com /Ryan/Debbie/WINvote lhspttsx01a.ocx
2004.02.03 11:29 B D:\DOM_Releases\WINService_Image\WINvote\MSCAL.OCX --> ftp.enfocom.com /Ryan/Debbie/WINvote MSCAL.OCX
2004.02.03 11:29 B D:\DOM_Releases\WINService_Image\WINvote\MSCOMCTL.OCX --> ftp.enfocom.com /Ryan/Debbie/WINvote MSCOMCTL.OCX
2004.02.03 11:29 B D:\DOM_Releases\WINService_Image\WINvote\MSCOMM32.OCX --> ftp.enfocom.com /Ryan/Debbie/WINvote MSCOMM32.OCX
2004.02.03 11:29 B D:\DOM_Releases\WINService_Image\WINvote\ORC.dll --> ftp.enfocom.com /Ryan/Debbie/WINvote ORC.dll
2004.02.03 11:29 B D:\DOM_Releases\WINService_Image\WINvote\RICHTX32.OCX --> ftp.enfocom.com /Ryan/Debbie/WINvote RICHTX32.OCX
2004.02.03 11:29 B D:\DOM_Releases\WINService_Image\WINvote\SCardWriter.exe --> ftp.enfocom.com /Ryan/Debbie/WINvote SCardWriter.exe
2004.02.03 11:29 B D:\DOM_Releases\WINService_Image\WINvote\ShellReg.reg --> ftp.enfocom.com /Ryan/Debbie/WINvote ShellReg.reg
2004.02.03 11:29 B D:\DOM_Releases\WINService_Image\WINvote\ShoupSec.dll --> ftp.enfocom.com /Ryan/Debbie/WINvote ShoupSec.dll
2004.02.03 11:29 B D:\DOM_Releases\WINService_Image\WINvote\unzip32.dll --> ftp.enfocom.com /Ryan/Debbie/WINvote unzip32.dll
2004.02.03 11:29 B D:\DOM_Releases\WINService_Image\WINvote\WINvote.exe --> ftp.enfocom.com /Ryan/Debbie/WINvote WINvote.exe
2004.02.03 11:29 B D:\DOM_Releases\WINService_Image\WINvote\WINvoteChangeLog.txt --> ftp.enfocom.com /Ryan/Debbie/WINvote WINvoteChangeLog.txt
2004.02.03 11:29 B D:\DOM_Releases\WINService_Image\WINvote\WINvoteTester.exe --> ftp.enfocom.com /Ryan/Debbie/WINvote WINvoteTester.exe
2004.02.03 11:29 B D:\DOM_Releases\WINService_Image\WINvote\WINvoteUpgrade.zip --> ftp.enfocom.com /Ryan/Debbie/WINvote WINvoteUpgrade.zip
2004.02.03 11:29 B D:\DOM_Releases\WINService_Image\WINvote\WS_FTP.LOG --> ftp.enfocom.com /Ryan/Debbie/WINvote WS_FTP.LOG
2004.02.03 11:29 B D:\DOM_Releases\WINService_Image\WINvote\Zip32.dll --> ftp.enfocom.com /Ryan/Debbie/WINvote Zip32.dll
